<?xml version="1.0" encoding="UTF-8"?>
<testng-results ignored="0" total="3" passed="2" failed="1" skipped="0">
  <reporter-output>
  </reporter-output>
  <suite started-at="2021-06-16T02:02:29Z" name="Suite" finished-at="2021-06-16T02:02:39Z" duration-ms="10521">
    <groups>
    </groups>
    <test started-at="2021-06-16T02:02:29Z" name="Test" finished-at="2021-06-16T02:02:39Z" duration-ms="10521">
      <class name="tests.test1">
        <test-method is-config="true" signature="beforeMethod()[pri:0, instance:tests.test1@4da4253]" started-at="2021-06-16T02:02:29Z" name="beforeMethod" finished-at="2021-06-16T02:02:31Z" duration-ms="2205" status="PASS">
          <reporter-output>
          </reporter-output>
        </test-method> <!-- beforeMethod -->
        <test-method signature="LoginwithEmptyEmail()[pri:0, instance:tests.test1@4da4253]" started-at="2021-06-16T02:02:31Z" name="LoginwithEmptyEmail" finished-at="2021-06-16T02:02:32Z" duration-ms="1135" status="PASS">
          <reporter-output>
          </reporter-output>
        </test-method> <!-- LoginwithEmptyEmail -->
        <test-method is-config="true" signature="afterMethod()[pri:0, instance:tests.test1@4da4253]" started-at="2021-06-16T02:02:32Z" name="afterMethod" finished-at="2021-06-16T02:02:33Z" duration-ms="685" status="PASS">
          <reporter-output>
          </reporter-output>
        </test-method> <!-- afterMethod -->
        <test-method is-config="true" signature="beforeMethod()[pri:0, instance:tests.test1@4da4253]" started-at="2021-06-16T02:02:33Z" name="beforeMethod" finished-at="2021-06-16T02:02:35Z" duration-ms="1754" status="PASS">
          <reporter-output>
          </reporter-output>
        </test-method> <!-- beforeMethod -->
        <test-method signature="LoginwithEmptyPassword()[pri:0, instance:tests.test1@4da4253]" started-at="2021-06-16T02:02:35Z" name="LoginwithEmptyPassword" finished-at="2021-06-16T02:02:35Z" duration-ms="654" status="PASS">
          <reporter-output>
          </reporter-output>
        </test-method> <!-- LoginwithEmptyPassword -->
        <test-method is-config="true" signature="afterMethod()[pri:0, instance:tests.test1@4da4253]" started-at="2021-06-16T02:02:35Z" name="afterMethod" finished-at="2021-06-16T02:02:36Z" duration-ms="611" status="PASS">
          <reporter-output>
          </reporter-output>
        </test-method> <!-- afterMethod -->
        <test-method is-config="true" signature="beforeMethod()[pri:0, instance:tests.test1@4da4253]" started-at="2021-06-16T02:02:36Z" name="beforeMethod" finished-at="2021-06-16T02:02:38Z" duration-ms="1775" status="PASS">
          <reporter-output>
          </reporter-output>
        </test-method> <!-- beforeMethod -->
        <test-method signature="LoginwithwrongEmailandPassword()[pri:0, instance:tests.test1@4da4253]" started-at="2021-06-16T02:02:38Z" name="LoginwithwrongEmailandPassword" finished-at="2021-06-16T02:02:39Z" duration-ms="1069" status="FAIL">
          <exception class="java.lang.AssertionError">
            <message>
              <![CDATA[expected [Wrong Credentials
Invalid username or password] but found [You Can't Use This Feature Right Now
We limit how often you can post, comment or do other things in a given amount of time in order to help protect the community from spam. You can try again later. Learn More]]]>
            </message>
            <full-stacktrace>
              <![CDATA[java.lang.AssertionError: expected [Wrong Credentials
Invalid username or password] but found [You Can't Use This Feature Right Now
We limit how often you can post, comment or do other things in a given amount of time in order to help protect the community from spam. You can try again later. Learn More]
at org.testng.Assert.fail(Assert.java:96)
at org.testng.Assert.failNotEquals(Assert.java:776)
at org.testng.Assert.assertEqualsImpl(Assert.java:137)
at org.testng.Assert.assertEquals(Assert.java:118)
at org.testng.Assert.assertEquals(Assert.java:453)
at org.testng.Assert.assertEquals(Assert.java:463)
at pages.test1page.error(test1page.java:60)
at tests.test1.LoginwithwrongEmailandPassword(test1.java:31)
at java.base/jdk.internal.reflect.NativeMethodAccessorImpl.invoke0(Native Method)
at java.base/jdk.internal.reflect.NativeMethodAccessorImpl.invoke(NativeMethodAccessorImpl.java:62)
at java.base/jdk.internal.reflect.DelegatingMethodAccessorImpl.invoke(DelegatingMethodAccessorImpl.java:43)
at java.base/java.lang.reflect.Method.invoke(Method.java:564)
at org.testng.internal.MethodInvocationHelper.invokeMethod(MethodInvocationHelper.java:124)
at org.testng.internal.Invoker.invokeMethod(Invoker.java:580)
at org.testng.internal.Invoker.invokeTestMethod(Invoker.java:716)
at org.testng.internal.Invoker.invokeTestMethods(Invoker.java:988)
at org.testng.internal.TestMethodWorker.invokeTestMethods(TestMethodWorker.java:125)
at org.testng.internal.TestMethodWorker.run(TestMethodWorker.java:109)
at org.testng.TestRunner.privateRun(TestRunner.java:648)
at org.testng.TestRunner.run(TestRunner.java:505)
at org.testng.SuiteRunner.runTest(SuiteRunner.java:455)
at org.testng.SuiteRunner.runSequentially(SuiteRunner.java:450)
at org.testng.SuiteRunner.privateRun(SuiteRunner.java:415)
at org.testng.SuiteRunner.run(SuiteRunner.java:364)
at org.testng.SuiteRunnerWorker.runSuite(SuiteRunnerWorker.java:52)
at org.testng.SuiteRunnerWorker.run(SuiteRunnerWorker.java:84)
at org.testng.TestNG.runSuitesSequentially(TestNG.java:1208)
at org.testng.TestNG.runSuitesLocally(TestNG.java:1137)
at org.testng.TestNG.runSuites(TestNG.java:1049)
at org.testng.TestNG.run(TestNG.java:1017)
at org.testng.TestNG.privateMain(TestNG.java:1354)
at org.testng.TestNG.main(TestNG.java:1323)
]]>
            </full-stacktrace>
          </exception> <!-- java.lang.AssertionError -->
          <reporter-output>
          </reporter-output>
        </test-method> <!-- LoginwithwrongEmailandPassword -->
        <test-method is-config="true" signature="afterMethod()[pri:0, instance:tests.test1@4da4253]" started-at="2021-06-16T02:02:39Z" name="afterMethod" finished-at="2021-06-16T02:02:39Z" duration-ms="621" status="PASS">
          <reporter-output>
          </reporter-output>
        </test-method> <!-- afterMethod -->
      </class> <!-- tests.test1 -->
    </test> <!-- Test -->
  </suite> <!-- Suite -->
</testng-results>
